::1 - - [20/Nov/2015:18:16:38 +0000] "GET / HTTP/1.1" 200 988
::1 - - [20/Nov/2015:18:16:40 +0000] "GET /index.php?action=getTopScores HTTP/1.1" 200 77
::1 - - [20/Nov/2015:18:16:51 +0000] "GET /dbFunctions.php?action=getTopScores HTTP/1.1" 200 -
::1 - - [20/Nov/2015:18:16:53 +0000] "GET /dbFunctions.php?action=getTopScores HTTP/1.1" 200 -
::1 - - [20/Nov/2015:18:16:59 +0000] "GET / HTTP/1.1" 200 988
::1 - - [20/Nov/2015:18:17:38 +0000] "GET / HTTP/1.1" 200 988
::1 - - [20/Nov/2015:18:17:39 +0000] "GET /index.php?action=getPerformance HTTP/1.1" 200 60
::1 - - [20/Nov/2015:18:17:42 +0000] "GET /index.php?action=getTopScores HTTP/1.1" 200 77
::1 - - [20/Nov/2015:18:17:47 +0000] "GET /index.php HTTP/1.1" 200 988
::1 - - [20/Nov/2015:18:17:49 +0000] "GET /index.php?action=getTopScores HTTP/1.1" 200 77
::1 - - [20/Nov/2015:18:18:03 +0000] "GET /index.php?&action=getTopScores HTTP/1.1" 200 77
::1 - - [20/Nov/2015:18:18:06 +0000] "GET /index.php?&action=getTopScores HTTP/1.1" 200 77
::1 - - [20/Nov/2015:18:18:09 +0000] "GET /index.php?&action=getTopScores HTTP/1.1" 200 77
::1 - - [20/Nov/2015:18:18:11 +0000] "GET /index.php?&action=getTopScores HTTP/1.1" 200 77
::1 - - [20/Nov/2015:18:18:11 +0000] "GET /index.php?&action=getTopScores HTTP/1.1" 200 77
::1 - - [20/Nov/2015:18:18:22 +0000] "GET /index.php?&action=%22getTopScores%22 HTTP/1.1" 200 77
::1 - - [20/Nov/2015:18:18:24 +0000] "GET /index.php?&action=%22getTopScores%22 HTTP/1.1" 200 77
::1 - - [20/Nov/2015:18:18:28 +0000] "GET /index.php?action=%22getTopScores%22 HTTP/1.1" 200 77
::1 - - [20/Nov/2015:18:18:29 +0000] "GET /index.php?action=%22getTopScores%22 HTTP/1.1" 200 77
127.0.0.1 - - [20/Nov/2015:18:18:40 +0000] "POST /dbFunctions.php HTTP/1.1" 200 -
