[Fri Nov 20 18:34:25.423377 2015] [mpm_winnt:notice] [pid 6468:tid 384] AH00455: Apache/2.4.6 (Win32) PHP/5.4.17 configured -- resuming normal operations
[Fri Nov 20 18:34:25.424377 2015] [mpm_winnt:notice] [pid 6468:tid 384] AH00456: Apache Lounge VC10 Server built: Jul 16 2013 11:15:41
[Fri Nov 20 18:34:25.424377 2015] [core:notice] [pid 6468:tid 384] AH00094: Command line: 'C:\\Users\\CaZa\\Documents\\GitHub\\Mathematical-Challenge\\USBWebserver v8.6 (1)/apache2/bin/httpd_usbwv8.exe -d C:/Users/CaZa/Documents/GitHub/Mathematical-Challenge/USBWebserver v8.6 (1)/apache2'
[Fri Nov 20 18:34:25.432378 2015] [mpm_winnt:notice] [pid 6468:tid 384] AH00418: Parent: Created child process 1672
[Fri Nov 20 18:34:26.020412 2015] [mpm_winnt:notice] [pid 1672:tid 400] AH00354: Child: Starting 64 worker threads.
[Fri Nov 20 18:48:01.216038 2015] [:error] [pid 1672:tid 912] [client ::1:62130] PHP Notice:  Undefined variable: resultStr in C:\\Users\\CaZa\\Documents\\GitHub\\Mathematical-Challenge\\USBWebserver v8.6 (1)\\root\\dbFunctions.php on line 145
[Fri Nov 20 18:50:21.785078 2015] [:error] [pid 1672:tid 912] [client ::1:62149] PHP Notice:  Undefined variable: currentScore in C:\\Users\\CaZa\\Documents\\GitHub\\Mathematical-Challenge\\USBWebserver v8.6 (1)\\root\\dbFunctions.php on line 142
[Fri Nov 20 18:50:21.785078 2015] [:error] [pid 1672:tid 912] [client ::1:62149] PHP Notice:  Undefined variable: currentScoreAddition in C:\\Users\\CaZa\\Documents\\GitHub\\Mathematical-Challenge\\USBWebserver v8.6 (1)\\root\\dbFunctions.php on line 142
[Fri Nov 20 18:50:21.785078 2015] [:error] [pid 1672:tid 912] [client ::1:62149] PHP Notice:  Undefined variable: currentScoreSubstraction in C:\\Users\\CaZa\\Documents\\GitHub\\Mathematical-Challenge\\USBWebserver v8.6 (1)\\root\\dbFunctions.php on line 142
[Fri Nov 20 18:50:21.785078 2015] [:error] [pid 1672:tid 912] [client ::1:62149] PHP Notice:  Undefined variable: currentScoreMultiplication in C:\\Users\\CaZa\\Documents\\GitHub\\Mathematical-Challenge\\USBWebserver v8.6 (1)\\root\\dbFunctions.php on line 142
[Fri Nov 20 18:54:06.903954 2015] [:error] [pid 1672:tid 920] [client ::1:62194] PHP Notice:  Undefined variable: row in C:\\Users\\CaZa\\Documents\\GitHub\\Mathematical-Challenge\\USBWebserver v8.6 (1)\\root\\dbFunctions.php on line 137
[Fri Nov 20 18:54:06.903954 2015] [:error] [pid 1672:tid 920] [client ::1:62194] PHP Notice:  Undefined variable: row in C:\\Users\\CaZa\\Documents\\GitHub\\Mathematical-Challenge\\USBWebserver v8.6 (1)\\root\\dbFunctions.php on line 138
[Fri Nov 20 18:54:06.903954 2015] [:error] [pid 1672:tid 920] [client ::1:62194] PHP Notice:  Undefined variable: row in C:\\Users\\CaZa\\Documents\\GitHub\\Mathematical-Challenge\\USBWebserver v8.6 (1)\\root\\dbFunctions.php on line 139
[Fri Nov 20 18:54:06.903954 2015] [:error] [pid 1672:tid 920] [client ::1:62194] PHP Notice:  Undefined variable: row in C:\\Users\\CaZa\\Documents\\GitHub\\Mathematical-Challenge\\USBWebserver v8.6 (1)\\root\\dbFunctions.php on line 140
[Fri Nov 20 19:03:26.458959 2015] [:error] [pid 1672:tid 912] [client ::1:62365] PHP Parse error:  syntax error, unexpected '}' in C:\\Users\\CaZa\\Documents\\GitHub\\Mathematical-Challenge\\USBWebserver v8.6 (1)\\root\\dbFunctions.php on line 160
[Fri Nov 20 19:04:25.129315 2015] [:error] [pid 1672:tid 912] [client ::1:62369] PHP Notice:  Undefined variable: strResult in C:\\Users\\CaZa\\Documents\\GitHub\\Mathematical-Challenge\\USBWebserver v8.6 (1)\\root\\dbFunctions.php on line 158
[Fri Nov 20 19:09:26.820570 2015] [:error] [pid 1672:tid 912] [client ::1:62433] PHP Parse error:  syntax error, unexpected 'Array' (T_ARRAY) in C:\\Users\\CaZa\\Documents\\GitHub\\Mathematical-Challenge\\USBWebserver v8.6 (1)\\root\\dbFunctions.php on line 156
[Fri Nov 20 19:10:13.646249 2015] [:error] [pid 1672:tid 912] [client ::1:62434] PHP Parse error:  syntax error, unexpected 'array' (T_ARRAY) in C:\\Users\\CaZa\\Documents\\GitHub\\Mathematical-Challenge\\USBWebserver v8.6 (1)\\root\\dbFunctions.php on line 156
[Fri Nov 20 19:15:25.587091 2015] [:error] [pid 1672:tid 912] [client ::1:62615] PHP Parse error:  syntax error, unexpected '$strResult' (T_VARIABLE) in C:\\Users\\CaZa\\Documents\\GitHub\\Mathematical-Challenge\\USBWebserver v8.6 (1)\\root\\dbFunctions.php on line 159
[Fri Nov 20 19:16:40.041349 2015] [:error] [pid 1672:tid 912] [client ::1:62625] PHP Notice:  Undefined variable: strResult in C:\\Users\\CaZa\\Documents\\GitHub\\Mathematical-Challenge\\USBWebserver v8.6 (1)\\root\\dbFunctions.php on line 159
