2015-12-03 17:40:19 8480 [Note] Plugin 'FEDERATED' is disabled.
2015-12-03 17:40:19 8480 [Note] InnoDB: The InnoDB memory heap is disabled
2015-12-03 17:40:19 8480 [Note] InnoDB: Mutexes and rw_locks use Windows interlocked functions
2015-12-03 17:40:19 8480 [Note] InnoDB: Compressed tables use zlib 1.2.3
2015-12-03 17:40:19 8480 [Note] InnoDB: Not using CPU crc32 instructions
2015-12-03 17:40:19 8480 [Note] InnoDB: Initializing buffer pool, size = 128.0M
2015-12-03 17:40:19 8480 [Note] InnoDB: Completed initialization of buffer pool
2015-12-03 17:40:19 8480 [Note] InnoDB: Highest supported file format is Barracuda.
2015-12-03 17:40:19 8480 [Note] InnoDB: The log sequence numbers 1626134 and 1626134 in ibdata files do not match the log sequence number 5514356 in the ib_logfiles!
2015-12-03 17:40:19 8480 [Note] InnoDB: Database was not shutdown normally!
2015-12-03 17:40:19 8480 [Note] InnoDB: Starting crash recovery.
2015-12-03 17:40:19 8480 [Note] InnoDB: Reading tablespace information from the .ibd files...
2015-12-03 17:40:19 8480 [Note] InnoDB: Restoring possible half-written data pages 
2015-12-03 17:40:19 8480 [Note] InnoDB: from the doublewrite buffer...
2015-12-03 17:40:20 8480 [Note] InnoDB: 128 rollback segment(s) are active.
2015-12-03 17:40:20 8480 [Note] InnoDB: Waiting for purge to start
2015-12-03 17:40:20 8480 [Note] InnoDB: 5.6.13 started; log sequence number 5514356
2015-12-03 17:40:20 8480 [Note] Server hostname (bind-address): '*'; port: 3307
2015-12-03 17:40:20 8480 [Note] IPv6 is available.
2015-12-03 17:40:20 8480 [Note]   - '::' resolves to '::';
2015-12-03 17:40:20 8480 [Note] Server socket created on IP: '::'.
